2021-11-26 05:05:54.466  INFO 25616 --- [main] c.d.userservice.UserServiceApplication   : No active profile set, falling back to default profiles: default
2021-11-26 05:05:55.960  INFO 25616 --- [main] .s.d.r.c.RepositoryConfigurationDelegate : Bootstrapping Spring Data JPA repositories in DEFAULT mode.
2021-11-26 05:05:56.101  INFO 25616 --- [main] .s.d.r.c.RepositoryConfigurationDelegate : Finished Spring Data repository scanning in 123 ms. Found 1 JPA repository interfaces.
2021-11-26 05:05:56.867  INFO 25616 --- [main] o.s.cloud.context.scope.GenericScope     : BeanFactory id=69de6ccc-574e-3098-90b0-faaef3c6c49d
2021-11-26 05:05:57.345  INFO 25616 --- [main] o.s.b.w.embedded.tomcat.TomcatWebServer  : Tomcat initialized with port(s): 0 (http)
2021-11-26 05:05:57.358  INFO 25616 --- [main] o.apache.catalina.core.StandardService   : Starting service [Tomcat]
2021-11-26 05:05:57.358  INFO 25616 --- [main] org.apache.catalina.core.StandardEngine  : Starting Servlet engine: [Apache Tomcat/9.0.54]
2021-11-26 05:05:57.544  INFO 25616 --- [main] o.a.c.c.C.[Tomcat].[localhost].[/]       : Initializing Spring embedded WebApplicationContext
2021-11-26 05:05:57.544  INFO 25616 --- [main] w.s.c.ServletWebServerApplicationContext : Root WebApplicationContext: initialization completed in 2978 ms
2021-11-26 05:05:57.691  INFO 25616 --- [main] com.zaxxer.hikari.HikariDataSource       : HikariPool-1 - Starting...
2021-11-26 05:05:57.853  INFO 25616 --- [main] com.zaxxer.hikari.HikariDataSource       : HikariPool-1 - Start completed.
2021-11-26 05:05:57.859  INFO 25616 --- [main] o.s.b.a.h2.H2ConsoleAutoConfiguration    : H2 console available at '/h2-console'. Database available at 'jdbc:h2:mem:userDB'
2021-11-26 05:05:58.394  INFO 25616 --- [main] o.hibernate.jpa.internal.util.LogHelper  : HHH000204: Processing PersistenceUnitInfo [name: default]
2021-11-26 05:05:58.588  INFO 25616 --- [main] org.hibernate.Version                    : HHH000412: Hibernate ORM core version 5.4.32.Final
2021-11-26 05:05:58.906  INFO 25616 --- [main] o.hibernate.annotations.common.Version   : HCANN000001: Hibernate Commons Annotations {5.1.2.Final}
2021-11-26 05:05:59.047  INFO 25616 --- [main] org.hibernate.dialect.Dialect            : HHH000400: Using dialect: org.hibernate.dialect.H2Dialect
2021-11-26 05:06:00.392  INFO 25616 --- [main] o.h.e.t.j.p.i.JtaPlatformInitiator       : HHH000490: Using JtaPlatform implementation: [org.hibernate.engine.transaction.jta.platform.internal.NoJtaPlatform]
2021-11-26 05:06:00.402  INFO 25616 --- [main] j.LocalContainerEntityManagerFactoryBean : Initialized JPA EntityManagerFactory for persistence unit 'default'
2021-11-26 05:06:01.230  WARN 25616 --- [main] JpaBaseConfiguration$JpaWebConfiguration : spring.jpa.open-in-view is enabled by default. Therefore, database queries may be performed during view rendering. Explicitly configure spring.jpa.open-in-view to disable this warning
2021-11-26 05:06:01.382  INFO 25616 --- [main] o.s.c.openfeign.FeignClientFactoryBean   : For 'follow-service' URL not provided. Will try picking an instance via load-balancing.
2021-11-26 05:06:01.472  INFO 25616 --- [main] o.s.c.openfeign.FeignClientFactoryBean   : For 'post-service' URL not provided. Will try picking an instance via load-balancing.
2021-11-26 05:06:05.986  INFO 25616 --- [main] DiscoveryClientOptionalArgsConfiguration : Eureka HTTP Client uses RestTemplate.
2021-11-26 05:06:06.071  WARN 25616 --- [main] iguration$LoadBalancerCaffeineWarnLogger : Spring Cloud LoadBalancer is currently working with the default cache. You can switch to using Caffeine cache, by adding it and org.springframework.cache.caffeine.CaffeineCacheManager to the classpath.
2021-11-26 05:06:06.081  INFO 25616 --- [main] o.s.b.a.e.web.EndpointLinksResolver      : Exposing 17 endpoint(s) beneath base path '/actuator'
2021-11-26 05:06:06.236  INFO 25616 --- [main] o.s.b.w.embedded.tomcat.TomcatWebServer  : Tomcat started on port(s): 52363 (http) with context path ''
2021-11-26 05:06:06.237  INFO 25616 --- [main] .s.c.n.e.s.EurekaAutoServiceRegistration : Updating port to 52363
2021-11-26 05:06:06.242  INFO 25616 --- [main] o.s.c.n.eureka.InstanceInfoFactory       : Setting initial instance status as: STARTING
2021-11-26 05:06:06.307  INFO 25616 --- [main] com.netflix.discovery.DiscoveryClient    : Initializing Eureka in region us-east-1
2021-11-26 05:06:06.314  INFO 25616 --- [main] c.n.d.s.r.aws.ConfigClusterResolver      : Resolving eureka endpoints via configuration
2021-11-26 05:06:06.359  INFO 25616 --- [main] com.netflix.discovery.DiscoveryClient    : Disable delta property : false
2021-11-26 05:06:06.359  INFO 25616 --- [main] com.netflix.discovery.DiscoveryClient    : Single vip registry refresh property : null
2021-11-26 05:06:06.359  INFO 25616 --- [main] com.netflix.discovery.DiscoveryClient    : Force full registry fetch : false
2021-11-26 05:06:06.359  INFO 25616 --- [main] com.netflix.discovery.DiscoveryClient    : Application is null : false
2021-11-26 05:06:06.359  INFO 25616 --- [main] com.netflix.discovery.DiscoveryClient    : Registered Applications size is zero : true
2021-11-26 05:06:06.359  INFO 25616 --- [main] com.netflix.discovery.DiscoveryClient    : Application version is -1: true
2021-11-26 05:06:06.359  INFO 25616 --- [main] com.netflix.discovery.DiscoveryClient    : Getting all instance registry info from the eureka server
2021-11-26 05:06:06.862  INFO 25616 --- [main] com.netflix.discovery.DiscoveryClient    : The response status is 200
2021-11-26 05:06:06.872  INFO 25616 --- [main] com.netflix.discovery.DiscoveryClient    : Starting heartbeat executor: renew interval is: 30
2021-11-26 05:06:06.897  INFO 25616 --- [main] c.n.discovery.InstanceInfoReplicator     : InstanceInfoReplicator onDemand update allowed rate per min is 4
2021-11-26 05:06:06.934  INFO 25616 --- [main] com.netflix.discovery.DiscoveryClient    : Discovery Client initialized at timestamp 1637921166933 with initial instances count: 2
2021-11-26 05:06:06.937  INFO 25616 --- [main] o.s.c.n.e.s.EurekaServiceRegistry        : Registering application USER-SERVICE with eureka with status UP
2021-11-26 05:06:06.938  INFO 25616 --- [main] com.netflix.discovery.DiscoveryClient    : Saw local status change event StatusChangeEvent [timestamp=1637921166938, current=UP, previous=STARTING]
2021-11-26 05:06:06.939  INFO 25616 --- [DiscoveryClient-InstanceInfoReplicator-0] com.netflix.discovery.DiscoveryClient    : DiscoveryClient_USER-SERVICE/user-service:796e68be8ca2524ad828578f24c7121e: registering service...
2021-11-26 05:06:07.643  INFO 25616 --- [DiscoveryClient-InstanceInfoReplicator-0] com.netflix.discovery.DiscoveryClient    : DiscoveryClient_USER-SERVICE/user-service:796e68be8ca2524ad828578f24c7121e - registration status: 204
2021-11-26 05:06:07.654  INFO 25616 --- [main] c.d.userservice.UserServiceApplication   : Started UserServiceApplication in 15.97 seconds (JVM running for 17.013)
2021-11-26 05:06:07.935  INFO 25616 --- [RMI TCP Connection(19)-172.29.240.1] o.a.c.c.C.[Tomcat].[localhost].[/]       : Initializing Spring DispatcherServlet 'dispatcherServlet'
2021-11-26 05:06:07.935  INFO 25616 --- [RMI TCP Connection(19)-172.29.240.1] o.s.web.servlet.DispatcherServlet        : Initializing Servlet 'dispatcherServlet'
2021-11-26 05:06:07.937  INFO 25616 --- [RMI TCP Connection(19)-172.29.240.1] o.s.web.servlet.DispatcherServlet        : Completed initialization in 2 ms
2021-11-26 05:07:37.795  INFO 25616 --- [SpringApplicationShutdownHook] o.s.c.n.e.s.EurekaServiceRegistry        : Unregistering application USER-SERVICE with eureka with status DOWN
2021-11-26 05:07:37.795  INFO 25616 --- [SpringApplicationShutdownHook] com.netflix.discovery.DiscoveryClient    : Saw local status change event StatusChangeEvent [timestamp=1637921257795, current=DOWN, previous=UP]
2021-11-26 05:07:37.796  INFO 25616 --- [DiscoveryClient-InstanceInfoReplicator-0] com.netflix.discovery.DiscoveryClient    : DiscoveryClient_USER-SERVICE/user-service:796e68be8ca2524ad828578f24c7121e: registering service...
2021-11-26 05:07:37.801  INFO 25616 --- [DiscoveryClient-InstanceInfoReplicator-0] com.netflix.discovery.DiscoveryClient    : DiscoveryClient_USER-SERVICE/user-service:796e68be8ca2524ad828578f24c7121e - registration status: 204
2021-11-26 05:07:37.830  INFO 25616 --- [SpringApplicationShutdownHook] j.LocalContainerEntityManagerFactoryBean : Closing JPA EntityManagerFactory for persistence unit 'default'
2021-11-26 05:07:37.832  INFO 25616 --- [SpringApplicationShutdownHook] com.zaxxer.hikari.HikariDataSource       : HikariPool-1 - Shutdown initiated...
2021-11-26 05:07:37.835  INFO 25616 --- [SpringApplicationShutdownHook] com.zaxxer.hikari.HikariDataSource       : HikariPool-1 - Shutdown completed.
2021-11-26 05:07:37.840  INFO 25616 --- [SpringApplicationShutdownHook] com.netflix.discovery.DiscoveryClient    : Shutting down DiscoveryClient ...
2021-11-26 05:07:40.856  INFO 25616 --- [SpringApplicationShutdownHook] com.netflix.discovery.DiscoveryClient    : Unregistering ...
2021-11-26 05:07:40.865  INFO 25616 --- [SpringApplicationShutdownHook] com.netflix.discovery.DiscoveryClient    : DiscoveryClient_USER-SERVICE/user-service:796e68be8ca2524ad828578f24c7121e - deregister  status: 200
2021-11-26 05:07:40.928  INFO 25616 --- [SpringApplicationShutdownHook] com.netflix.discovery.DiscoveryClient    : Completed shut down of DiscoveryClient
